<?xml version="1.0" encoding="UTF-8"?>
<testsuite xmlns:xsi="http://www.w3.org/2001/XMLSchema-instance" xsi:noNamespaceSchemaLocation="https://maven.apache.org/surefire/maven-surefire-plugin/xsd/surefire-test-report.xsd" name="com.jpec.language_backend_last.LanguageBackendLastApplicationTests" time="1.846" tests="1" errors="0" skipped="0" failures="0">
  <properties>
    <property name="gopherProxySet" value="false"/>
    <property name="awt.toolkit" value="sun.lwawt.macosx.LWCToolkit"/>
    <property name="java.specification.version" value="11"/>
    <property name="sun.cpu.isalist" value=""/>
    <property name="sun.jnu.encoding" value="UTF-8"/>
    <property name="java.class.path" value="/Users/jpec/Prog/jpecs_home/language_backend_last/target/test-classes:/Users/jpec/Prog/jpecs_home/language_backend_last/target/classes:/Users/jpec/.m2/repository/org/springframework/boot/spring-boot-starter-data-jpa/2.4.5/spring-boot-starter-data-jpa-2.4.5.jar:/Users/jpec/.m2/repository/org/springframework/boot/spring-boot-starter-aop/2.4.5/spring-boot-starter-aop-2.4.5.jar:/Users/jpec/.m2/repository/org/springframework/spring-aop/5.3.6/spring-aop-5.3.6.jar:/Users/jpec/.m2/repository/org/aspectj/aspectjweaver/1.9.6/aspectjweaver-1.9.6.jar:/Users/jpec/.m2/repository/org/springframework/boot/spring-boot-starter-jdbc/2.4.5/spring-boot-starter-jdbc-2.4.5.jar:/Users/jpec/.m2/repository/com/zaxxer/HikariCP/3.4.5/HikariCP-3.4.5.jar:/Users/jpec/.m2/repository/org/springframework/spring-jdbc/5.3.6/spring-jdbc-5.3.6.jar:/Users/jpec/.m2/repository/jakarta/transaction/jakarta.transaction-api/1.3.3/jakarta.transaction-api-1.3.3.jar:/Users/jpec/.m2/repository/jakarta/persistence/jakarta.persistence-api/2.2.3/jakarta.persistence-api-2.2.3.jar:/Users/jpec/.m2/repository/org/hibernate/hibernate-core/5.4.30.Final/hibernate-core-5.4.30.Final.jar:/Users/jpec/.m2/repository/org/jboss/logging/jboss-logging/3.4.1.Final/jboss-logging-3.4.1.Final.jar:/Users/jpec/.m2/repository/org/javassist/javassist/3.27.0-GA/javassist-3.27.0-GA.jar:/Users/jpec/.m2/repository/net/bytebuddy/byte-buddy/1.10.22/byte-buddy-1.10.22.jar:/Users/jpec/.m2/repository/antlr/antlr/2.7.7/antlr-2.7.7.jar:/Users/jpec/.m2/repository/org/jboss/jandex/2.2.3.Final/jandex-2.2.3.Final.jar:/Users/jpec/.m2/repository/com/fasterxml/classmate/1.5.1/classmate-1.5.1.jar:/Users/jpec/.m2/repository/org/dom4j/dom4j/2.1.3/dom4j-2.1.3.jar:/Users/jpec/.m2/repository/org/hibernate/common/hibernate-commons-annotations/5.1.2.Final/hibernate-commons-annotations-5.1.2.Final.jar:/Users/jpec/.m2/repository/org/glassfish/jaxb/jaxb-runtime/2.3.4/jaxb-runtime-2.3.4.jar:/Users/jpec/.m2/repository/org/glassfish/jaxb/txw2/2.3.4/txw2-2.3.4.jar:/Users/jpec/.m2/repository/com/sun/istack/istack-commons-runtime/3.0.12/istack-commons-runtime-3.0.12.jar:/Users/jpec/.m2/repository/com/sun/activation/jakarta.activation/1.2.2/jakarta.activation-1.2.2.jar:/Users/jpec/.m2/repository/org/springframework/data/spring-data-jpa/2.4.8/spring-data-jpa-2.4.8.jar:/Users/jpec/.m2/repository/org/springframework/data/spring-data-commons/2.4.8/spring-data-commons-2.4.8.jar:/Users/jpec/.m2/repository/org/springframework/spring-orm/5.3.6/spring-orm-5.3.6.jar:/Users/jpec/.m2/repository/org/springframework/spring-context/5.3.6/spring-context-5.3.6.jar:/Users/jpec/.m2/repository/org/springframework/spring-tx/5.3.6/spring-tx-5.3.6.jar:/Users/jpec/.m2/repository/org/springframework/spring-beans/5.3.6/spring-beans-5.3.6.jar:/Users/jpec/.m2/repository/org/slf4j/slf4j-api/1.7.30/slf4j-api-1.7.30.jar:/Users/jpec/.m2/repository/org/springframework/spring-aspects/5.3.6/spring-aspects-5.3.6.jar:/Users/jpec/.m2/repository/org/springframework/boot/spring-boot-starter-web/2.4.5/spring-boot-starter-web-2.4.5.jar:/Users/jpec/.m2/repository/org/springframework/boot/spring-boot-starter/2.4.5/spring-boot-starter-2.4.5.jar:/Users/jpec/.m2/repository/org/springframework/boot/spring-boot-starter-logging/2.4.5/spring-boot-starter-logging-2.4.5.jar:/Users/jpec/.m2/repository/ch/qos/logback/logback-classic/1.2.3/logback-classic-1.2.3.jar:/Users/jpec/.m2/repository/ch/qos/logback/logback-core/1.2.3/logback-core-1.2.3.jar:/Users/jpec/.m2/repository/org/apache/logging/log4j/log4j-to-slf4j/2.13.3/log4j-to-slf4j-2.13.3.jar:/Users/jpec/.m2/repository/org/apache/logging/log4j/log4j-api/2.13.3/log4j-api-2.13.3.jar:/Users/jpec/.m2/repository/org/slf4j/jul-to-slf4j/1.7.30/jul-to-slf4j-1.7.30.jar:/Users/jpec/.m2/repository/jakarta/annotation/jakarta.annotation-api/1.3.5/jakarta.annotation-api-1.3.5.jar:/Users/jpec/.m2/repository/org/yaml/snakeyaml/1.27/snakeyaml-1.27.jar:/Users/jpec/.m2/repository/org/springframework/boot/spring-boot-starter-json/2.4.5/spring-boot-starter-json-2.4.5.jar:/Users/jpec/.m2/repository/com/fasterxml/jackson/datatype/jackson-datatype-jdk8/2.11.4/jackson-datatype-jdk8-2.11.4.jar:/Users/jpec/.m2/repository/com/fasterxml/jackson/datatype/jackson-datatype-jsr310/2.11.4/jackson-datatype-jsr310-2.11.4.jar:/Users/jpec/.m2/repository/com/fasterxml/jackson/module/jackson-module-parameter-names/2.11.4/jackson-module-parameter-names-2.11.4.jar:/Users/jpec/.m2/repository/org/springframework/boot/spring-boot-starter-tomcat/2.4.5/spring-boot-starter-tomcat-2.4.5.jar:/Users/jpec/.m2/repository/org/apache/tomcat/embed/tomcat-embed-core/9.0.45/tomcat-embed-core-9.0.45.jar:/Users/jpec/.m2/repository/org/glassfish/jakarta.el/3.0.3/jakarta.el-3.0.3.jar:/Users/jpec/.m2/repository/org/apache/tomcat/embed/tomcat-embed-websocket/9.0.45/tomcat-embed-websocket-9.0.45.jar:/Users/jpec/.m2/repository/org/springframework/spring-web/5.3.6/spring-web-5.3.6.jar:/Users/jpec/.m2/repository/org/springframework/spring-webmvc/5.3.6/spring-webmvc-5.3.6.jar:/Users/jpec/.m2/repository/org/springframework/spring-expression/5.3.6/spring-expression-5.3.6.jar:/Users/jpec/.m2/repository/com/fasterxml/jackson/module/jackson-module-kotlin/2.11.4/jackson-module-kotlin-2.11.4.jar:/Users/jpec/.m2/repository/com/fasterxml/jackson/core/jackson-databind/2.11.4/jackson-databind-2.11.4.jar:/Users/jpec/.m2/repository/com/fasterxml/jackson/core/jackson-core/2.11.4/jackson-core-2.11.4.jar:/Users/jpec/.m2/repository/com/fasterxml/jackson/core/jackson-annotations/2.11.4/jackson-annotations-2.11.4.jar:/Users/jpec/.m2/repository/org/jetbrains/kotlin/kotlin-reflect/1.4.32/kotlin-reflect-1.4.32.jar:/Users/jpec/.m2/repository/org/jetbrains/kotlin/kotlin-stdlib/1.4.32/kotlin-stdlib-1.4.32.jar:/Users/jpec/.m2/repository/org/jetbrains/kotlin/kotlin-stdlib-common/1.4.32/kotlin-stdlib-common-1.4.32.jar:/Users/jpec/.m2/repository/org/jetbrains/annotations/13.0/annotations-13.0.jar:/Users/jpec/.m2/repository/org/jetbrains/kotlin/kotlin-stdlib-jdk8/1.4.32/kotlin-stdlib-jdk8-1.4.32.jar:/Users/jpec/.m2/repository/org/jetbrains/kotlin/kotlin-stdlib-jdk7/1.4.32/kotlin-stdlib-jdk7-1.4.32.jar:/Users/jpec/.m2/repository/org/springframework/boot/spring-boot-devtools/2.4.5/spring-boot-devtools-2.4.5.jar:/Users/jpec/.m2/repository/org/springframework/boot/spring-boot/2.4.5/spring-boot-2.4.5.jar:/Users/jpec/.m2/repository/org/springframework/boot/spring-boot-autoconfigure/2.4.5/spring-boot-autoconfigure-2.4.5.jar:/Users/jpec/.m2/repository/com/h2database/h2/1.4.200/h2-1.4.200.jar:/Users/jpec/.m2/repository/org/springframework/boot/spring-boot-starter-test/2.4.5/spring-boot-starter-test-2.4.5.jar:/Users/jpec/.m2/repository/org/springframework/boot/spring-boot-test/2.4.5/spring-boot-test-2.4.5.jar:/Users/jpec/.m2/repository/org/springframework/boot/spring-boot-test-autoconfigure/2.4.5/spring-boot-test-autoconfigure-2.4.5.jar:/Users/jpec/.m2/repository/com/jayway/jsonpath/json-path/2.4.0/json-path-2.4.0.jar:/Users/jpec/.m2/repository/net/minidev/json-smart/2.3/json-smart-2.3.jar:/Users/jpec/.m2/repository/net/minidev/accessors-smart/1.2/accessors-smart-1.2.jar:/Users/jpec/.m2/repository/org/ow2/asm/asm/5.0.4/asm-5.0.4.jar:/Users/jpec/.m2/repository/jakarta/xml/bind/jakarta.xml.bind-api/2.3.3/jakarta.xml.bind-api-2.3.3.jar:/Users/jpec/.m2/repository/jakarta/activation/jakarta.activation-api/1.2.2/jakarta.activation-api-1.2.2.jar:/Users/jpec/.m2/repository/org/assertj/assertj-core/3.18.1/assertj-core-3.18.1.jar:/Users/jpec/.m2/repository/org/hamcrest/hamcrest/2.2/hamcrest-2.2.jar:/Users/jpec/.m2/repository/org/junit/jupiter/junit-jupiter/5.7.1/junit-jupiter-5.7.1.jar:/Users/jpec/.m2/repository/org/junit/jupiter/junit-jupiter-api/5.7.1/junit-jupiter-api-5.7.1.jar:/Users/jpec/.m2/repository/org/apiguardian/apiguardian-api/1.1.0/apiguardian-api-1.1.0.jar:/Users/jpec/.m2/repository/org/opentest4j/opentest4j/1.2.0/opentest4j-1.2.0.jar:/Users/jpec/.m2/repository/org/junit/platform/junit-platform-commons/1.7.1/junit-platform-commons-1.7.1.jar:/Users/jpec/.m2/repository/org/junit/jupiter/junit-jupiter-params/5.7.1/junit-jupiter-params-5.7.1.jar:/Users/jpec/.m2/repository/org/junit/jupiter/junit-jupiter-engine/5.7.1/junit-jupiter-engine-5.7.1.jar:/Users/jpec/.m2/repository/org/junit/platform/junit-platform-engine/1.7.1/junit-platform-engine-1.7.1.jar:/Users/jpec/.m2/repository/org/mockito/mockito-core/3.6.28/mockito-core-3.6.28.jar:/Users/jpec/.m2/repository/net/bytebuddy/byte-buddy-agent/1.10.22/byte-buddy-agent-1.10.22.jar:/Users/jpec/.m2/repository/org/objenesis/objenesis/3.1/objenesis-3.1.jar:/Users/jpec/.m2/repository/org/mockito/mockito-junit-jupiter/3.6.28/mockito-junit-jupiter-3.6.28.jar:/Users/jpec/.m2/repository/org/skyscreamer/jsonassert/1.5.0/jsonassert-1.5.0.jar:/Users/jpec/.m2/repository/com/vaadin/external/google/android-json/0.0.20131108.vaadin1/android-json-0.0.20131108.vaadin1.jar:/Users/jpec/.m2/repository/org/springframework/spring-core/5.3.6/spring-core-5.3.6.jar:/Users/jpec/.m2/repository/org/springframework/spring-jcl/5.3.6/spring-jcl-5.3.6.jar:/Users/jpec/.m2/repository/org/springframework/spring-test/5.3.6/spring-test-5.3.6.jar:/Users/jpec/.m2/repository/org/xmlunit/xmlunit-core/2.7.0/xmlunit-core-2.7.0.jar:"/>
    <property name="java.vm.vendor" value="JetBrains s.r.o."/>
    <property name="sun.arch.data.model" value="64"/>
    <property name="java.vendor.url" value="https://openjdk.java.net/"/>
    <property name="user.timezone" value=""/>
    <property name="java.vm.specification.version" value="11"/>
    <property name="os.name" value="Mac OS X"/>
    <property name="sun.java.launcher" value="SUN_STANDARD"/>
    <property name="user.country" value="FR"/>
    <property name="sun.boot.library.path" value="/Applications/IntelliJ IDEA CE.app/Contents/jbr/Contents/Home/lib"/>
    <property name="sun.java.command" value="/Users/jpec/Prog/jpecs_home/language_backend_last/target/surefire/surefirebooter6552727901962829645.jar /Users/jpec/Prog/jpecs_home/language_backend_last/target/surefire 2021-05-01T08-02-31_082-jvmRun1 surefire12662958766229097325tmp surefire_014766202028721860014tmp"/>
    <property name="http.nonProxyHosts" value="local|*.local|169.254/16|*.169.254/16"/>
    <property name="jdk.debug" value="release"/>
    <property name="surefire.test.class.path" value="/Users/jpec/Prog/jpecs_home/language_backend_last/target/test-classes:/Users/jpec/Prog/jpecs_home/language_backend_last/target/classes:/Users/jpec/.m2/repository/org/springframework/boot/spring-boot-starter-data-jpa/2.4.5/spring-boot-starter-data-jpa-2.4.5.jar:/Users/jpec/.m2/repository/org/springframework/boot/spring-boot-starter-aop/2.4.5/spring-boot-starter-aop-2.4.5.jar:/Users/jpec/.m2/repository/org/springframework/spring-aop/5.3.6/spring-aop-5.3.6.jar:/Users/jpec/.m2/repository/org/aspectj/aspectjweaver/1.9.6/aspectjweaver-1.9.6.jar:/Users/jpec/.m2/repository/org/springframework/boot/spring-boot-starter-jdbc/2.4.5/spring-boot-starter-jdbc-2.4.5.jar:/Users/jpec/.m2/repository/com/zaxxer/HikariCP/3.4.5/HikariCP-3.4.5.jar:/Users/jpec/.m2/repository/org/springframework/spring-jdbc/5.3.6/spring-jdbc-5.3.6.jar:/Users/jpec/.m2/repository/jakarta/transaction/jakarta.transaction-api/1.3.3/jakarta.transaction-api-1.3.3.jar:/Users/jpec/.m2/repository/jakarta/persistence/jakarta.persistence-api/2.2.3/jakarta.persistence-api-2.2.3.jar:/Users/jpec/.m2/repository/org/hibernate/hibernate-core/5.4.30.Final/hibernate-core-5.4.30.Final.jar:/Users/jpec/.m2/repository/org/jboss/logging/jboss-logging/3.4.1.Final/jboss-logging-3.4.1.Final.jar:/Users/jpec/.m2/repository/org/javassist/javassist/3.27.0-GA/javassist-3.27.0-GA.jar:/Users/jpec/.m2/repository/net/bytebuddy/byte-buddy/1.10.22/byte-buddy-1.10.22.jar:/Users/jpec/.m2/repository/antlr/antlr/2.7.7/antlr-2.7.7.jar:/Users/jpec/.m2/repository/org/jboss/jandex/2.2.3.Final/jandex-2.2.3.Final.jar:/Users/jpec/.m2/repository/com/fasterxml/classmate/1.5.1/classmate-1.5.1.jar:/Users/jpec/.m2/repository/org/dom4j/dom4j/2.1.3/dom4j-2.1.3.jar:/Users/jpec/.m2/repository/org/hibernate/common/hibernate-commons-annotations/5.1.2.Final/hibernate-commons-annotations-5.1.2.Final.jar:/Users/jpec/.m2/repository/org/glassfish/jaxb/jaxb-runtime/2.3.4/jaxb-runtime-2.3.4.jar:/Users/jpec/.m2/repository/org/glassfish/jaxb/txw2/2.3.4/txw2-2.3.4.jar:/Users/jpec/.m2/repository/com/sun/istack/istack-commons-runtime/3.0.12/istack-commons-runtime-3.0.12.jar:/Users/jpec/.m2/repository/com/sun/activation/jakarta.activation/1.2.2/jakarta.activation-1.2.2.jar:/Users/jpec/.m2/repository/org/springframework/data/spring-data-jpa/2.4.8/spring-data-jpa-2.4.8.jar:/Users/jpec/.m2/repository/org/springframework/data/spring-data-commons/2.4.8/spring-data-commons-2.4.8.jar:/Users/jpec/.m2/repository/org/springframework/spring-orm/5.3.6/spring-orm-5.3.6.jar:/Users/jpec/.m2/repository/org/springframework/spring-context/5.3.6/spring-context-5.3.6.jar:/Users/jpec/.m2/repository/org/springframework/spring-tx/5.3.6/spring-tx-5.3.6.jar:/Users/jpec/.m2/repository/org/springframework/spring-beans/5.3.6/spring-beans-5.3.6.jar:/Users/jpec/.m2/repository/org/slf4j/slf4j-api/1.7.30/slf4j-api-1.7.30.jar:/Users/jpec/.m2/repository/org/springframework/spring-aspects/5.3.6/spring-aspects-5.3.6.jar:/Users/jpec/.m2/repository/org/springframework/boot/spring-boot-starter-web/2.4.5/spring-boot-starter-web-2.4.5.jar:/Users/jpec/.m2/repository/org/springframework/boot/spring-boot-starter/2.4.5/spring-boot-starter-2.4.5.jar:/Users/jpec/.m2/repository/org/springframework/boot/spring-boot-starter-logging/2.4.5/spring-boot-starter-logging-2.4.5.jar:/Users/jpec/.m2/repository/ch/qos/logback/logback-classic/1.2.3/logback-classic-1.2.3.jar:/Users/jpec/.m2/repository/ch/qos/logback/logback-core/1.2.3/logback-core-1.2.3.jar:/Users/jpec/.m2/repository/org/apache/logging/log4j/log4j-to-slf4j/2.13.3/log4j-to-slf4j-2.13.3.jar:/Users/jpec/.m2/repository/org/apache/logging/log4j/log4j-api/2.13.3/log4j-api-2.13.3.jar:/Users/jpec/.m2/repository/org/slf4j/jul-to-slf4j/1.7.30/jul-to-slf4j-1.7.30.jar:/Users/jpec/.m2/repository/jakarta/annotation/jakarta.annotation-api/1.3.5/jakarta.annotation-api-1.3.5.jar:/Users/jpec/.m2/repository/org/yaml/snakeyaml/1.27/snakeyaml-1.27.jar:/Users/jpec/.m2/repository/org/springframework/boot/spring-boot-starter-json/2.4.5/spring-boot-starter-json-2.4.5.jar:/Users/jpec/.m2/repository/com/fasterxml/jackson/datatype/jackson-datatype-jdk8/2.11.4/jackson-datatype-jdk8-2.11.4.jar:/Users/jpec/.m2/repository/com/fasterxml/jackson/datatype/jackson-datatype-jsr310/2.11.4/jackson-datatype-jsr310-2.11.4.jar:/Users/jpec/.m2/repository/com/fasterxml/jackson/module/jackson-module-parameter-names/2.11.4/jackson-module-parameter-names-2.11.4.jar:/Users/jpec/.m2/repository/org/springframework/boot/spring-boot-starter-tomcat/2.4.5/spring-boot-starter-tomcat-2.4.5.jar:/Users/jpec/.m2/repository/org/apache/tomcat/embed/tomcat-embed-core/9.0.45/tomcat-embed-core-9.0.45.jar:/Users/jpec/.m2/repository/org/glassfish/jakarta.el/3.0.3/jakarta.el-3.0.3.jar:/Users/jpec/.m2/repository/org/apache/tomcat/embed/tomcat-embed-websocket/9.0.45/tomcat-embed-websocket-9.0.45.jar:/Users/jpec/.m2/repository/org/springframework/spring-web/5.3.6/spring-web-5.3.6.jar:/Users/jpec/.m2/repository/org/springframework/spring-webmvc/5.3.6/spring-webmvc-5.3.6.jar:/Users/jpec/.m2/repository/org/springframework/spring-expression/5.3.6/spring-expression-5.3.6.jar:/Users/jpec/.m2/repository/com/fasterxml/jackson/module/jackson-module-kotlin/2.11.4/jackson-module-kotlin-2.11.4.jar:/Users/jpec/.m2/repository/com/fasterxml/jackson/core/jackson-databind/2.11.4/jackson-databind-2.11.4.jar:/Users/jpec/.m2/repository/com/fasterxml/jackson/core/jackson-core/2.11.4/jackson-core-2.11.4.jar:/Users/jpec/.m2/repository/com/fasterxml/jackson/core/jackson-annotations/2.11.4/jackson-annotations-2.11.4.jar:/Users/jpec/.m2/repository/org/jetbrains/kotlin/kotlin-reflect/1.4.32/kotlin-reflect-1.4.32.jar:/Users/jpec/.m2/repository/org/jetbrains/kotlin/kotlin-stdlib/1.4.32/kotlin-stdlib-1.4.32.jar:/Users/jpec/.m2/repository/org/jetbrains/kotlin/kotlin-stdlib-common/1.4.32/kotlin-stdlib-common-1.4.32.jar:/Users/jpec/.m2/repository/org/jetbrains/annotations/13.0/annotations-13.0.jar:/Users/jpec/.m2/repository/org/jetbrains/kotlin/kotlin-stdlib-jdk8/1.4.32/kotlin-stdlib-jdk8-1.4.32.jar:/Users/jpec/.m2/repository/org/jetbrains/kotlin/kotlin-stdlib-jdk7/1.4.32/kotlin-stdlib-jdk7-1.4.32.jar:/Users/jpec/.m2/repository/org/springframework/boot/spring-boot-devtools/2.4.5/spring-boot-devtools-2.4.5.jar:/Users/jpec/.m2/repository/org/springframework/boot/spring-boot/2.4.5/spring-boot-2.4.5.jar:/Users/jpec/.m2/repository/org/springframework/boot/spring-boot-autoconfigure/2.4.5/spring-boot-autoconfigure-2.4.5.jar:/Users/jpec/.m2/repository/com/h2database/h2/1.4.200/h2-1.4.200.jar:/Users/jpec/.m2/repository/org/springframework/boot/spring-boot-starter-test/2.4.5/spring-boot-starter-test-2.4.5.jar:/Users/jpec/.m2/repository/org/springframework/boot/spring-boot-test/2.4.5/spring-boot-test-2.4.5.jar:/Users/jpec/.m2/repository/org/springframework/boot/spring-boot-test-autoconfigure/2.4.5/spring-boot-test-autoconfigure-2.4.5.jar:/Users/jpec/.m2/repository/com/jayway/jsonpath/json-path/2.4.0/json-path-2.4.0.jar:/Users/jpec/.m2/repository/net/minidev/json-smart/2.3/json-smart-2.3.jar:/Users/jpec/.m2/repository/net/minidev/accessors-smart/1.2/accessors-smart-1.2.jar:/Users/jpec/.m2/repository/org/ow2/asm/asm/5.0.4/asm-5.0.4.jar:/Users/jpec/.m2/repository/jakarta/xml/bind/jakarta.xml.bind-api/2.3.3/jakarta.xml.bind-api-2.3.3.jar:/Users/jpec/.m2/repository/jakarta/activation/jakarta.activation-api/1.2.2/jakarta.activation-api-1.2.2.jar:/Users/jpec/.m2/repository/org/assertj/assertj-core/3.18.1/assertj-core-3.18.1.jar:/Users/jpec/.m2/repository/org/hamcrest/hamcrest/2.2/hamcrest-2.2.jar:/Users/jpec/.m2/repository/org/junit/jupiter/junit-jupiter/5.7.1/junit-jupiter-5.7.1.jar:/Users/jpec/.m2/repository/org/junit/jupiter/junit-jupiter-api/5.7.1/junit-jupiter-api-5.7.1.jar:/Users/jpec/.m2/repository/org/apiguardian/apiguardian-api/1.1.0/apiguardian-api-1.1.0.jar:/Users/jpec/.m2/repository/org/opentest4j/opentest4j/1.2.0/opentest4j-1.2.0.jar:/Users/jpec/.m2/repository/org/junit/platform/junit-platform-commons/1.7.1/junit-platform-commons-1.7.1.jar:/Users/jpec/.m2/repository/org/junit/jupiter/junit-jupiter-params/5.7.1/junit-jupiter-params-5.7.1.jar:/Users/jpec/.m2/repository/org/junit/jupiter/junit-jupiter-engine/5.7.1/junit-jupiter-engine-5.7.1.jar:/Users/jpec/.m2/repository/org/junit/platform/junit-platform-engine/1.7.1/junit-platform-engine-1.7.1.jar:/Users/jpec/.m2/repository/org/mockito/mockito-core/3.6.28/mockito-core-3.6.28.jar:/Users/jpec/.m2/repository/net/bytebuddy/byte-buddy-agent/1.10.22/byte-buddy-agent-1.10.22.jar:/Users/jpec/.m2/repository/org/objenesis/objenesis/3.1/objenesis-3.1.jar:/Users/jpec/.m2/repository/org/mockito/mockito-junit-jupiter/3.6.28/mockito-junit-jupiter-3.6.28.jar:/Users/jpec/.m2/repository/org/skyscreamer/jsonassert/1.5.0/jsonassert-1.5.0.jar:/Users/jpec/.m2/repository/com/vaadin/external/google/android-json/0.0.20131108.vaadin1/android-json-0.0.20131108.vaadin1.jar:/Users/jpec/.m2/repository/org/springframework/spring-core/5.3.6/spring-core-5.3.6.jar:/Users/jpec/.m2/repository/org/springframework/spring-jcl/5.3.6/spring-jcl-5.3.6.jar:/Users/jpec/.m2/repository/org/springframework/spring-test/5.3.6/spring-test-5.3.6.jar:/Users/jpec/.m2/repository/org/xmlunit/xmlunit-core/2.7.0/xmlunit-core-2.7.0.jar:"/>
    <property name="sun.cpu.endian" value="little"/>
    <property name="user.home" value="/Users/jpec"/>
    <property name="user.language" value="fr"/>
    <property name="java.specification.vendor" value="Oracle Corporation"/>
    <property name="java.version.date" value="2021-01-19"/>
    <property name="java.home" value="/Applications/IntelliJ IDEA CE.app/Contents/jbr/Contents/Home"/>
    <property name="file.separator" value="/"/>
    <property name="basedir" value="/Users/jpec/Prog/jpecs_home/language_backend_last"/>
    <property name="java.vm.compressedOopsMode" value="Zero based"/>
    <property name="line.separator" value="&#10;"/>
    <property name="java.specification.name" value="Java Platform API Specification"/>
    <property name="java.vm.specification.vendor" value="Oracle Corporation"/>
    <property name="java.awt.graphicsenv" value="sun.awt.CGraphicsEnvironment"/>
    <property name="surefire.real.class.path" value="/Users/jpec/Prog/jpecs_home/language_backend_last/target/surefire/surefirebooter6552727901962829645.jar"/>
    <property name="sun.management.compiler" value="HotSpot 64-Bit Tiered Compilers"/>
    <property name="ftp.nonProxyHosts" value="local|*.local|169.254/16|*.169.254/16"/>
    <property name="java.runtime.version" value="11.0.10+9-b1341.35"/>
    <property name="user.name" value="jpec"/>
    <property name="path.separator" value=":"/>
    <property name="os.version" value="11.3"/>
    <property name="java.runtime.name" value="OpenJDK Runtime Environment"/>
    <property name="file.encoding" value="UTF-8"/>
    <property name="java.vm.name" value="Dynamic Code Evolution 64-Bit Server VM"/>
    <property name="java.vendor.version" value="JBR-11.0.10.9-1341.35-dcevm"/>
    <property name="localRepository" value="/Users/jpec/.m2/repository"/>
    <property name="java.vendor.url.bug" value="https://bugreport.java.com/bugreport/"/>
    <property name="java.io.tmpdir" value="/var/folders/45/1rh915g935nggkhvq3fhbn180000gn/T/"/>
    <property name="idea.version" value="2021.1"/>
    <property name="java.version" value="11.0.10"/>
    <property name="user.dir" value="/Users/jpec/Prog/jpecs_home/language_backend_last"/>
    <property name="os.arch" value="aarch64"/>
    <property name="java.vm.specification.name" value="Java Virtual Machine Specification"/>
    <property name="java.awt.printerjob" value="sun.lwawt.macosx.CPrinterJob"/>
    <property name="sun.os.patch.level" value="unknown"/>
    <property name="java.library.path" value="/Users/jpec/Library/Java/Extensions:/Library/Java/Extensions:/Network/Library/Java/Extensions:/System/Library/Java/Extensions:/usr/lib/java:."/>
    <property name="java.vm.info" value="mixed mode"/>
    <property name="java.vendor" value="JetBrains s.r.o."/>
    <property name="java.vm.version" value="11.0.10+9-b1341.35"/>
    <property name="sun.io.unicode.encoding" value="UnicodeBig"/>
    <property name="java.class.version" value="55.0"/>
    <property name="socksNonProxyHosts" value="local|*.local|169.254/16|*.169.254/16"/>
  </properties>
  <testcase name="contextLoads" classname="com.jpec.language_backend_last.LanguageBackendLastApplicationTests" time="0.105"/>
</testsuite>